<?xml version="1.0" encoding="UTF-8"?>
<!-- Generated by org.testng.reporters.JUnitXMLReporter -->
<testsuite ignored="0" hostname="Umair-G5" failures="2" tests="25" name="Test" time="15.177" errors="0" timestamp="2023-12-16T18:42:34 PKT">
  <testcase classname="api.test.testsCases" name="testAllUsersData" time="0.956">
    <failure type="java.lang.AssertionError" message="expected [2] but found [1]">
      <![CDATA[java.lang.AssertionError: expected [2] but found [1]
at api.test.testsCases.testAllUsersData(testsCases.java:38)
at java.base/java.util.ArrayList.forEach(ArrayList.java:1511)
... Removed 34 stack frames]]>
    </failure>
  </testcase> <!-- testAllUsersData -->
  <testcase classname="api.test.testsCases" name="testCreateUser" time="1.133"/>
  <testcase classname="api.test.testsCases" name="testgetSingleUser" time="0.752"/>
  <testcase classname="api.test.testsCases" name="testPatchInfoUpdate" time="0.715"/>
  <testcase classname="api.test.testsCases" name="testPutInfoUpdate" time="0.69"/>
  <testcase classname="api.test.taskThree" name="testResponseStatusCode" time="0.348"/>
  <testcase classname="api.test.taskThree" name="testResponseTotalPages" time="0.384"/>
  <testcase classname="api.test.taskThree" name="testTotalRecords" time="0.366"/>
  <testcase classname="api.test.taskThree" name="testTotalRecordsNegative" time="0.353">
    <failure type="java.lang.AssertionError" message="Total records do not match the expected count expected [6] but found [12]">
      <![CDATA[java.lang.AssertionError: Total records do not match the expected count expected [6] but found [12]
at api.test.taskThree.testTotalRecordsNegative(taskThree.java:68)
at java.base/java.util.ArrayList.forEach(ArrayList.java:1511)
... Removed 33 stack frames]]>
    </failure>
  </testcase> <!-- testTotalRecordsNegative -->
  <testcase classname="api.test.taskThree" name="testCreateUserStatusCode" time="0.702"/>
  <testcase classname="api.test.taskThree" name="testCreateUserID" time="0.716"/>
  <testcase classname="api.test.taskThree" name="testPutInfoUpdate" time="0.697"/>
  <testcase classname="api.test.taskThree" name="testPatchInfoUpdate" time="0.706"/>
  <testcase classname="api.test.taskFour" name="testGetUserDetails" time="0.001"/>
  <testcase classname="api.test.taskFour" name="testGetUserDetails" time="0.344"/>
  <testcase classname="api.test.taskFour" name="testGetUserDetails" time="0.37"/>
  <testcase classname="api.test.taskFour" name="testGetUserDetails" time="0.336"/>
  <testcase classname="api.test.taskFour" name="testGetUserDetails" time="0.352"/>
  <testcase classname="api.test.taskFour" name="testGetUserDetails" time="0.353"/>
  <testcase classname="api.test.taskFour" name="testGetUserDetails" time="0.35"/>
  <testcase classname="api.test.taskFour" name="testGetUserDetails" time="0.358"/>
  <testcase classname="api.test.taskFour" name="testGetUserDetails" time="0.341"/>
  <testcase classname="api.test.taskFour" name="testGetUserDetails" time="0.335"/>
  <testcase classname="api.test.taskFour" name="testGetUserDetails" time="0.34"/>
  <testcase classname="api.test.taskFour" name="deleteRecord" time="0.69"/>
</testsuite> <!-- Test -->
