<?xml version="1.0" encoding="UTF-8"?>
<!-- Generated by org.testng.reporters.JUnitXMLReporter -->
<testsuite ignored="0" hostname="Umair-G5" failures="2" tests="25" name="Test" time="17.748" errors="0" timestamp="2023-12-16T19:40:10 PKT">
  <testcase classname="api.test.testsCases" name="testAllUsersData" time="1.058">
    <failure type="java.lang.AssertionError" message="expected [2] but found [1]">
      <![CDATA[java.lang.AssertionError: expected [2] but found [1]
at api.test.testsCases.testAllUsersData(testsCases.java:38)
at java.base/java.util.ArrayList.forEach(ArrayList.java:1511)
... Removed 34 stack frames]]>
    </failure>
  </testcase> <!-- testAllUsersData -->
  <testcase classname="api.test.testsCases" name="testCreateUser" time="1.084"/>
  <testcase classname="api.test.testsCases" name="testgetSingleUser" time="0.694"/>
  <testcase classname="api.test.testsCases" name="testPatchInfoUpdate" time="0.7"/>
  <testcase classname="api.test.testsCases" name="testPutInfoUpdate" time="0.692"/>
  <testcase classname="api.test.taskThree" name="testResponseStatusCode" time="0.386"/>
  <testcase classname="api.test.taskThree" name="testResponseTotalPages" time="0.393"/>
  <testcase classname="api.test.taskThree" name="testTotalRecords" time="0.372"/>
  <testcase classname="api.test.taskThree" name="testTotalRecordsNegative" time="0.375">
    <failure type="java.lang.AssertionError" message="Total records do not match the expected count expected [6] but found [12]">
      <![CDATA[java.lang.AssertionError: Total records do not match the expected count expected [6] but found [12]
at api.test.taskThree.testTotalRecordsNegative(taskThree.java:68)
at java.base/java.util.ArrayList.forEach(ArrayList.java:1511)
... Removed 33 stack frames]]>
    </failure>
  </testcase> <!-- testTotalRecordsNegative -->
  <testcase classname="api.test.taskThree" name="testCreateUserStatusCode" time="0.704"/>
  <testcase classname="api.test.taskThree" name="testCreateUserID" time="0.748"/>
  <testcase classname="api.test.taskThree" name="testPutInfoUpdate" time="0.737"/>
  <testcase classname="api.test.taskThree" name="testPatchInfoUpdate" time="0.705"/>
  <testcase classname="api.test.taskFour" name="testGetUserDetails" time="0.001"/>
  <testcase classname="api.test.taskFour" name="testGetUserDetails" time="0.345"/>
  <testcase classname="api.test.taskFour" name="testGetUserDetails" time="0.39"/>
  <testcase classname="api.test.taskFour" name="testGetUserDetails" time="0.374"/>
  <testcase classname="api.test.taskFour" name="testGetUserDetails" time="0.367"/>
  <testcase classname="api.test.taskFour" name="testGetUserDetails" time="0.381"/>
  <testcase classname="api.test.taskFour" name="testGetUserDetails" time="0.746"/>
  <testcase classname="api.test.taskFour" name="testGetUserDetails" time="0.792"/>
  <testcase classname="api.test.taskFour" name="testGetUserDetails" time="0.727"/>
  <testcase classname="api.test.taskFour" name="testGetUserDetails" time="0.712"/>
  <testcase classname="api.test.taskFour" name="testGetUserDetails" time="0.726"/>
  <testcase classname="api.test.taskFour" name="deleteRecord" time="0.685"/>
</testsuite> <!-- Test -->
