<?xml version="1.0" encoding="UTF-8"?>
<testng-results ignored="0" total="25" passed="23" failed="2" skipped="0">
  <reporter-output>
  </reporter-output>
  <suite started-at="2023-12-16T19:39:52 PKT" name="Suite" finished-at="2023-12-16T19:40:10 PKT" duration-ms="17748">
    <groups>
    </groups>
    <test started-at="2023-12-16T19:39:52 PKT" name="Test" finished-at="2023-12-16T19:40:10 PKT" duration-ms="17748">
      <class name="api.test.taskFour">
        <test-method signature="testGetUserDetails(java.lang.String)[pri:0, instance:api.test.taskFour@128d2484]" started-at="2023-12-16T19:40:04 PKT" name="testGetUserDetails" data-provider="userIds" finished-at="2023-12-16T19:40:04 PKT" duration-ms="1" status="PASS">
          <params>
            <param index="0">
              <value>
                <![CDATA[userIds]]>
              </value>
            </param>
          </params>
          <reporter-output>
          </reporter-output>
        </test-method> <!-- testGetUserDetails -->
        <test-method signature="testGetUserDetails(java.lang.String)[pri:0, instance:api.test.taskFour@128d2484]" started-at="2023-12-16T19:40:04 PKT" name="testGetUserDetails" data-provider="userIds" finished-at="2023-12-16T19:40:04 PKT" duration-ms="345" status="PASS">
          <params>
            <param index="0">
              <value>
                <![CDATA[1]]>
              </value>
            </param>
          </params>
          <reporter-output>
          </reporter-output>
        </test-method> <!-- testGetUserDetails -->
        <test-method signature="testGetUserDetails(java.lang.String)[pri:0, instance:api.test.taskFour@128d2484]" started-at="2023-12-16T19:40:04 PKT" name="testGetUserDetails" data-provider="userIds" finished-at="2023-12-16T19:40:04 PKT" duration-ms="390" status="PASS">
          <params>
            <param index="0">
              <value>
                <![CDATA[2]]>
              </value>
            </param>
          </params>
          <reporter-output>
          </reporter-output>
        </test-method> <!-- testGetUserDetails -->
        <test-method signature="testGetUserDetails(java.lang.String)[pri:0, instance:api.test.taskFour@128d2484]" started-at="2023-12-16T19:40:04 PKT" name="testGetUserDetails" data-provider="userIds" finished-at="2023-12-16T19:40:05 PKT" duration-ms="374" status="PASS">
          <params>
            <param index="0">
              <value>
                <![CDATA[3]]>
              </value>
            </param>
          </params>
          <reporter-output>
          </reporter-output>
        </test-method> <!-- testGetUserDetails -->
        <test-method signature="testGetUserDetails(java.lang.String)[pri:0, instance:api.test.taskFour@128d2484]" started-at="2023-12-16T19:40:05 PKT" name="testGetUserDetails" data-provider="userIds" finished-at="2023-12-16T19:40:05 PKT" duration-ms="367" status="PASS">
          <params>
            <param index="0">
              <value>
                <![CDATA[4]]>
              </value>
            </param>
          </params>
          <reporter-output>
          </reporter-output>
        </test-method> <!-- testGetUserDetails -->
        <test-method signature="testGetUserDetails(java.lang.String)[pri:0, instance:api.test.taskFour@128d2484]" started-at="2023-12-16T19:40:05 PKT" name="testGetUserDetails" data-provider="userIds" finished-at="2023-12-16T19:40:05 PKT" duration-ms="381" status="PASS">
          <params>
            <param index="0">
              <value>
                <![CDATA[5]]>
              </value>
            </param>
          </params>
          <reporter-output>
          </reporter-output>
        </test-method> <!-- testGetUserDetails -->
        <test-method signature="testGetUserDetails(java.lang.String)[pri:0, instance:api.test.taskFour@128d2484]" started-at="2023-12-16T19:40:05 PKT" name="testGetUserDetails" data-provider="userIds" finished-at="2023-12-16T19:40:06 PKT" duration-ms="746" status="PASS">
          <params>
            <param index="0">
              <value>
                <![CDATA[6]]>
              </value>
            </param>
          </params>
          <reporter-output>
          </reporter-output>
        </test-method> <!-- testGetUserDetails -->
        <test-method signature="testGetUserDetails(java.lang.String)[pri:0, instance:api.test.taskFour@128d2484]" started-at="2023-12-16T19:40:06 PKT" name="testGetUserDetails" data-provider="userIds" finished-at="2023-12-16T19:40:07 PKT" duration-ms="792" status="PASS">
          <params>
            <param index="0">
              <value>
                <![CDATA[7]]>
              </value>
            </param>
          </params>
          <reporter-output>
          </reporter-output>
        </test-method> <!-- testGetUserDetails -->
        <test-method signature="testGetUserDetails(java.lang.String)[pri:0, instance:api.test.taskFour@128d2484]" started-at="2023-12-16T19:40:07 PKT" name="testGetUserDetails" data-provider="userIds" finished-at="2023-12-16T19:40:08 PKT" duration-ms="727" status="PASS">
          <params>
            <param index="0">
              <value>
                <![CDATA[8]]>
              </value>
            </param>
          </params>
          <reporter-output>
          </reporter-output>
        </test-method> <!-- testGetUserDetails -->
        <test-method signature="testGetUserDetails(java.lang.String)[pri:0, instance:api.test.taskFour@128d2484]" started-at="2023-12-16T19:40:08 PKT" name="testGetUserDetails" data-provider="userIds" finished-at="2023-12-16T19:40:08 PKT" duration-ms="712" status="PASS">
          <params>
            <param index="0">
              <value>
                <![CDATA[9]]>
              </value>
            </param>
          </params>
          <reporter-output>
          </reporter-output>
        </test-method> <!-- testGetUserDetails -->
        <test-method signature="testGetUserDetails(java.lang.String)[pri:0, instance:api.test.taskFour@128d2484]" started-at="2023-12-16T19:40:08 PKT" name="testGetUserDetails" data-provider="userIds" finished-at="2023-12-16T19:40:09 PKT" duration-ms="726" status="PASS">
          <params>
            <param index="0">
              <value>
                <![CDATA[10]]>
              </value>
            </param>
          </params>
          <reporter-output>
          </reporter-output>
        </test-method> <!-- testGetUserDetails -->
        <test-method signature="deleteRecord()[pri:2, instance:api.test.taskFour@128d2484]" started-at="2023-12-16T19:40:09 PKT" name="deleteRecord" finished-at="2023-12-16T19:40:10 PKT" duration-ms="685" status="PASS">
          <reporter-output>
          </reporter-output>
        </test-method> <!-- deleteRecord -->
      </class> <!-- api.test.taskFour -->
      <class name="api.test.taskThree">
        <test-method is-config="true" signature="setUpDummyData()[pri:0, instance:api.test.taskThree@459e9125]" started-at="2023-12-16T19:39:52 PKT" name="setUpDummyData" finished-at="2023-12-16T19:39:53 PKT" duration-ms="184" status="PASS">
          <reporter-output>
          </reporter-output>
        </test-method> <!-- setUpDummyData -->
        <test-method is-config="true" signature="testFetchAllUsers()[pri:0, instance:api.test.taskThree@459e9125]" started-at="2023-12-16T19:39:53 PKT" name="testFetchAllUsers" finished-at="2023-12-16T19:39:55 PKT" duration-ms="2126" status="PASS">
          <reporter-output>
          </reporter-output>
        </test-method> <!-- testFetchAllUsers -->
        <test-method signature="testResponseStatusCode()[pri:1, instance:api.test.taskThree@459e9125]" started-at="2023-12-16T19:39:59 PKT" name="testResponseStatusCode" finished-at="2023-12-16T19:39:59 PKT" duration-ms="386" status="PASS">
          <reporter-output>
          </reporter-output>
        </test-method> <!-- testResponseStatusCode -->
        <test-method signature="testResponseTotalPages()[pri:2, instance:api.test.taskThree@459e9125]" started-at="2023-12-16T19:39:59 PKT" name="testResponseTotalPages" finished-at="2023-12-16T19:40:00 PKT" duration-ms="393" status="PASS">
          <reporter-output>
          </reporter-output>
        </test-method> <!-- testResponseTotalPages -->
        <test-method signature="testTotalRecords()[pri:3, instance:api.test.taskThree@459e9125]" started-at="2023-12-16T19:40:00 PKT" name="testTotalRecords" finished-at="2023-12-16T19:40:00 PKT" duration-ms="372" status="PASS">
          <reporter-output>
          </reporter-output>
        </test-method> <!-- testTotalRecords -->
        <test-method signature="testTotalRecordsNegative()[pri:4, instance:api.test.taskThree@459e9125]" started-at="2023-12-16T19:40:00 PKT" name="testTotalRecordsNegative" finished-at="2023-12-16T19:40:01 PKT" duration-ms="375" status="FAIL">
          <exception class="java.lang.AssertionError">
            <message>
              <![CDATA[Total records do not match the expected count expected [6] but found [12]]]>
            </message>
            <full-stacktrace>
              <![CDATA[java.lang.AssertionError: Total records do not match the expected count expected [6] but found [12]
at org.testng.Assert.fail(Assert.java:111)
at org.testng.Assert.failNotEquals(Assert.java:1578)
at org.testng.Assert.assertEqualsImpl(Assert.java:150)
at org.testng.Assert.assertEquals(Assert.java:132)
at org.testng.Assert.assertEquals(Assert.java:1419)
at org.testng.Assert.assertEquals(Assert.java:1383)
at api.test.taskThree.testTotalRecordsNegative(taskThree.java:68)
at java.base/jdk.internal.reflect.NativeMethodAccessorImpl.invoke0(Native Method)
at java.base/jdk.internal.reflect.NativeMethodAccessorImpl.invoke(NativeMethodAccessorImpl.java:77)
at java.base/jdk.internal.reflect.DelegatingMethodAccessorImpl.invoke(DelegatingMethodAccessorImpl.java:43)
at java.base/java.lang.reflect.Method.invoke(Method.java:568)
at org.testng.internal.invokers.MethodInvocationHelper.invokeMethod(MethodInvocationHelper.java:139)
at org.testng.internal.invokers.TestInvoker.invokeMethod(TestInvoker.java:664)
at org.testng.internal.invokers.TestInvoker.invokeTestMethod(TestInvoker.java:227)
at org.testng.internal.invokers.MethodRunner.runInSequence(MethodRunner.java:50)
at org.testng.internal.invokers.TestInvoker$MethodInvocationAgent.invoke(TestInvoker.java:957)
at org.testng.internal.invokers.TestInvoker.invokeTestMethods(TestInvoker.java:200)
at org.testng.internal.invokers.TestMethodWorker.invokeTestMethods(TestMethodWorker.java:148)
at org.testng.internal.invokers.TestMethodWorker.run(TestMethodWorker.java:128)
at java.base/java.util.ArrayList.forEach(ArrayList.java:1511)
at org.testng.TestRunner.privateRun(TestRunner.java:848)
at org.testng.TestRunner.run(TestRunner.java:621)
at org.testng.SuiteRunner.runTest(SuiteRunner.java:443)
at org.testng.SuiteRunner.runSequentially(SuiteRunner.java:437)
at org.testng.SuiteRunner.privateRun(SuiteRunner.java:397)
at org.testng.SuiteRunner.run(SuiteRunner.java:336)
at org.testng.SuiteRunnerWorker.runSuite(SuiteRunnerWorker.java:52)
at org.testng.SuiteRunnerWorker.run(SuiteRunnerWorker.java:95)
at org.testng.TestNG.runSuitesSequentially(TestNG.java:1280)
at org.testng.TestNG.runSuitesLocally(TestNG.java:1200)
at org.testng.TestNG.runSuites(TestNG.java:1114)
at org.testng.TestNG.run(TestNG.java:1082)
at org.testng.remote.AbstractRemoteTestNG.run(AbstractRemoteTestNG.java:115)
at org.testng.remote.RemoteTestNG.initAndRun(RemoteTestNG.java:251)
at org.testng.remote.RemoteTestNG.main(RemoteTestNG.java:77)
]]>
            </full-stacktrace>
          </exception> <!-- java.lang.AssertionError -->
          <reporter-output>
          </reporter-output>
        </test-method> <!-- testTotalRecordsNegative -->
        <test-method signature="testCreateUserStatusCode()[pri:5, instance:api.test.taskThree@459e9125]" started-at="2023-12-16T19:40:01 PKT" name="testCreateUserStatusCode" finished-at="2023-12-16T19:40:01 PKT" duration-ms="704" status="PASS">
          <reporter-output>
          </reporter-output>
        </test-method> <!-- testCreateUserStatusCode -->
        <test-method signature="testCreateUserID()[pri:6, instance:api.test.taskThree@459e9125]" started-at="2023-12-16T19:40:01 PKT" name="testCreateUserID" finished-at="2023-12-16T19:40:02 PKT" duration-ms="748" status="PASS">
          <reporter-output>
          </reporter-output>
        </test-method> <!-- testCreateUserID -->
        <test-method signature="testPutInfoUpdate()[pri:7, instance:api.test.taskThree@459e9125]" started-at="2023-12-16T19:40:02 PKT" name="testPutInfoUpdate" finished-at="2023-12-16T19:40:03 PKT" duration-ms="737" status="PASS">
          <reporter-output>
          </reporter-output>
        </test-method> <!-- testPutInfoUpdate -->
        <test-method signature="testPatchInfoUpdate()[pri:8, instance:api.test.taskThree@459e9125]" started-at="2023-12-16T19:40:03 PKT" name="testPatchInfoUpdate" finished-at="2023-12-16T19:40:03 PKT" duration-ms="705" status="PASS">
          <reporter-output>
          </reporter-output>
        </test-method> <!-- testPatchInfoUpdate -->
      </class> <!-- api.test.taskThree -->
      <class name="api.test.testsCases">
        <test-method is-config="true" signature="setUpData()[pri:0, instance:api.test.testsCases@18078bef]" started-at="2023-12-16T19:39:55 PKT" name="setUpData" finished-at="2023-12-16T19:39:55 PKT" duration-ms="31" status="PASS">
          <reporter-output>
          </reporter-output>
        </test-method> <!-- setUpData -->
        <test-method signature="testAllUsersData()[pri:1, instance:api.test.testsCases@18078bef]" started-at="2023-12-16T19:39:55 PKT" name="testAllUsersData" finished-at="2023-12-16T19:39:56 PKT" duration-ms="1058" status="FAIL">
          <exception class="java.lang.AssertionError">
            <message>
              <![CDATA[expected [2] but found [1]]]>
            </message>
            <full-stacktrace>
              <![CDATA[java.lang.AssertionError: expected [2] but found [1]
at org.testng.Assert.fail(Assert.java:111)
at org.testng.Assert.failNotEquals(Assert.java:1578)
at org.testng.Assert.assertEqualsImpl(Assert.java:150)
at org.testng.Assert.assertEquals(Assert.java:132)
at org.testng.Assert.assertEquals(Assert.java:1419)
at org.testng.Assert.assertEquals(Assert.java:1383)
at org.testng.Assert.assertEquals(Assert.java:1429)
at api.test.testsCases.testAllUsersData(testsCases.java:38)
at java.base/jdk.internal.reflect.NativeMethodAccessorImpl.invoke0(Native Method)
at java.base/jdk.internal.reflect.NativeMethodAccessorImpl.invoke(NativeMethodAccessorImpl.java:77)
at java.base/jdk.internal.reflect.DelegatingMethodAccessorImpl.invoke(DelegatingMethodAccessorImpl.java:43)
at java.base/java.lang.reflect.Method.invoke(Method.java:568)
at org.testng.internal.invokers.MethodInvocationHelper.invokeMethod(MethodInvocationHelper.java:139)
at org.testng.internal.invokers.TestInvoker.invokeMethod(TestInvoker.java:664)
at org.testng.internal.invokers.TestInvoker.invokeTestMethod(TestInvoker.java:227)
at org.testng.internal.invokers.MethodRunner.runInSequence(MethodRunner.java:50)
at org.testng.internal.invokers.TestInvoker$MethodInvocationAgent.invoke(TestInvoker.java:957)
at org.testng.internal.invokers.TestInvoker.invokeTestMethods(TestInvoker.java:200)
at org.testng.internal.invokers.TestMethodWorker.invokeTestMethods(TestMethodWorker.java:148)
at org.testng.internal.invokers.TestMethodWorker.run(TestMethodWorker.java:128)
at java.base/java.util.ArrayList.forEach(ArrayList.java:1511)
at org.testng.TestRunner.privateRun(TestRunner.java:848)
at org.testng.TestRunner.run(TestRunner.java:621)
at org.testng.SuiteRunner.runTest(SuiteRunner.java:443)
at org.testng.SuiteRunner.runSequentially(SuiteRunner.java:437)
at org.testng.SuiteRunner.privateRun(SuiteRunner.java:397)
at org.testng.SuiteRunner.run(SuiteRunner.java:336)
at org.testng.SuiteRunnerWorker.runSuite(SuiteRunnerWorker.java:52)
at org.testng.SuiteRunnerWorker.run(SuiteRunnerWorker.java:95)
at org.testng.TestNG.runSuitesSequentially(TestNG.java:1280)
at org.testng.TestNG.runSuitesLocally(TestNG.java:1200)
at org.testng.TestNG.runSuites(TestNG.java:1114)
at org.testng.TestNG.run(TestNG.java:1082)
at org.testng.remote.AbstractRemoteTestNG.run(AbstractRemoteTestNG.java:115)
at org.testng.remote.RemoteTestNG.initAndRun(RemoteTestNG.java:251)
at org.testng.remote.RemoteTestNG.main(RemoteTestNG.java:77)
]]>
            </full-stacktrace>
          </exception> <!-- java.lang.AssertionError -->
          <reporter-output>
          </reporter-output>
        </test-method> <!-- testAllUsersData -->
        <test-method signature="testCreateUser()[pri:2, instance:api.test.testsCases@18078bef]" started-at="2023-12-16T19:39:56 PKT" name="testCreateUser" finished-at="2023-12-16T19:39:57 PKT" duration-ms="1084" status="PASS">
          <reporter-output>
          </reporter-output>
        </test-method> <!-- testCreateUser -->
        <test-method signature="testgetSingleUser()[pri:3, instance:api.test.testsCases@18078bef]" started-at="2023-12-16T19:39:57 PKT" name="testgetSingleUser" finished-at="2023-12-16T19:39:58 PKT" duration-ms="694" status="PASS">
          <reporter-output>
          </reporter-output>
        </test-method> <!-- testgetSingleUser -->
        <test-method signature="testPatchInfoUpdate()[pri:4, instance:api.test.testsCases@18078bef]" started-at="2023-12-16T19:39:58 PKT" name="testPatchInfoUpdate" finished-at="2023-12-16T19:39:58 PKT" duration-ms="700" status="PASS">
          <reporter-output>
          </reporter-output>
        </test-method> <!-- testPatchInfoUpdate -->
        <test-method signature="testPutInfoUpdate()[pri:5, instance:api.test.testsCases@18078bef]" started-at="2023-12-16T19:39:58 PKT" name="testPutInfoUpdate" finished-at="2023-12-16T19:39:59 PKT" duration-ms="692" status="PASS">
          <reporter-output>
          </reporter-output>
        </test-method> <!-- testPutInfoUpdate -->
      </class> <!-- api.test.testsCases -->
    </test> <!-- Test -->
  </suite> <!-- Suite -->
</testng-results>
